<?xml version="1.0" encoding="UTF-8"?>
<!-- Generated by org.testng.reporters.JUnitReportReporter -->
<testsuite hostname="MohamedAli" failures="0" tests="1" name="pipelineTest3.pipelineTest3.Runner3" time="6.333" errors="0" timestamp="2023-02-28T09:02:48 CET" skipped="0">
  <testcase classname="pipelineTest3.pipelineTest3.Runner3" name="runScenario" time="6.333"/>
  <system-out/>
</testsuite> <!-- pipelineTest3.pipelineTest3.Runner3 -->
